1xxxx
cuda_name: cuda
Learning rate:  0.0005
Epochs:  2000
data1/processed/L_P_train_1.ptxxxxxxxxxxx
Pre-processed data found: data1/processed/L_P_train_1.pt, loading ...
2
data1/processed/L_P_train_2.ptxxxxxxxxxxx
Pre-processed data found: data1/processed/L_P_train_2.pt, loading ...
3
data1/processed/L_P_train_3.ptxxxxxxxxxxx
Pre-processed data found: data1/processed/L_P_train_3.pt, loading ...
285
NVIDIA GeForce RTX 2080 Ti
True
78xxxxxx
Make prediction for 285 samples...
epoch100 1.4005278409718966 1.9614782 0.7707263375453558 0.7575625465194202 0.7820953889562656
Make prediction for 285 samples...
epoch200 1.3691144606066983 1.8744744 0.7768085459447022 0.7611189676729495 0.7877385342672574
Make prediction for 285 samples...
epoch300 1.3637616204764071 1.8598458 0.7790222870582039 0.767180253925794 0.7890750686830186
Make prediction for 285 samples...
epoch400 1.3336620025063777 1.7786543 0.7941440530458095 0.7850546332836054 0.7972675296388883
Make prediction for 285 samples...
epoch500 1.2893920014925169 1.6625317 0.8049772225610151 0.7951557402564344 0.8027621711259065
Make prediction for 285 samples...
epoch600 1.312755832261784 1.7233279 0.8000292210151065 0.791770906509336 0.8004356112169888
Make prediction for 285 samples...
epoch700 1.3089092272910985 1.7132434 0.8005352034508763 0.791935495637861 0.8008563720515803
Make prediction for 285 samples...
epoch800 1.2839286065589541 1.6484727 0.81264601722433 0.8064885441406818 0.807638046679702
Make prediction for 285 samples...
epoch900 1.317810260715622 1.7366239 0.7995021882152681 0.7928605642988148 0.8024404128406306
Make prediction for 285 samples...
epoch1000 1.3103495191989445 1.7170159 0.799861877778171 0.7945881021596319 0.801796896270079
Make prediction for 285 samples...
epoch1100 1.2952266926983131 1.6776122 0.8055027557552421 0.7970997063413752 0.8018958988193946
Make prediction for 285 samples...
epoch1200 1.3027625588452425 1.6971903 0.8047409007736629 0.7978555203551999 0.8037026953444051
Make prediction for 285 samples...
epoch1300 1.314691303774493 1.7284132 0.7991662230075669 0.7919844835832016 0.8007078682276069
Make prediction for 285 samples...
epoch1400 1.3185581085743836 1.7385955 0.7998640081344739 0.7993067558364775 0.802885924312551
Make prediction for 285 samples...
epoch1500 1.3000741589008153 1.6901928 0.8059171798382706 0.8002642239321802 0.8046679702002326
Make prediction for 285 samples...
epoch1600 1.318629891227657 1.7387848 0.8010979711274964 0.798534353312061 0.8027126698512487
Make prediction for 285 samples...
epoch1700 1.329751129958893 1.7682381 0.7957394555259495 0.7858436243186133 0.7979852981214266
Make prediction for 285 samples...
epoch1800 1.3116116923663512 1.7203252 0.7990536757100127 0.7995636185551677 0.8037026953444051
Make prediction for 285 samples...
epoch1900 1.311950386865462 1.7212138 0.8006015450385424 0.7959157013979072 0.8018711481820657
Make prediction for 285 samples...
epoch2000 1.3143471480977107 1.7275084 0.7976635126374202 0.8004148165048937 0.8033809370591293
